[19:35:58] [INIT] KubeJS 2001.6.5-build.14; MC 2001 forge
[19:35:58] [INIT] Loaded plugins:
[19:35:58] [INIT] - dev.latvian.mods.kubejs.forge.BuiltinKubeJSForgePlugin
[19:35:58] [INIT] - com.lowdragmc.lowdraglib.kjs.LDLibKubeJSPlugin
[19:35:58] [INIT] - dev.ftb.mods.ftbxmodcompat.ftbquests.kubejs.KubeJSIntegration
[19:35:58] [INIT] - dev.ftb.mods.ftbxmodcompat.ftbchunks.kubejs.FTBChunksKubeJSPlugin
[19:35:58] [INIT] - dev.ftb.mods.ftbxmodcompat.ftbteams.kubejs.FTBTeamsKubeJSPlugin
[19:35:58] [INIT] - com.gregtechceu.gtceu.integration.kjs.GregTechKubeJSPlugin
[19:35:58] [INIT] - com.tom.createores.kubejs.KubeJSExcavation
[19:35:58] [INIT] - com.almostreliable.morejs.Plugin
[19:35:58] [INIT] - com.blakebr0.cucumber.compat.kubejs.CucumberKubeJSPlugin
[19:35:58] [INIT] - com.almostreliable.ponderjs.PonderJSPlugin
[19:35:59] [INFO] read_json_from_mod.js#5: Loaded Java class 'net.minecraftforge.resource.ResourcePackLoader'
[19:35:59] [INFO] read_json_from_mod.js#8: Loaded Java class 'java.util.stream.Collectors'
[19:35:59] [INFO] read_json_from_mod.js#9: Loaded Java class 'net.minecraft.server.packs.repository.ServerPacksSource'
[19:35:59] [INFO] read_json_from_mod.js#10: Loaded Java class 'net.minecraft.server.packs.resources.FallbackResourceManager'
[19:35:59] [INFO] Loaded script startup_scripts:read_json_from_mod.js in 0.061 s
[19:35:59] [INFO] Loaded script startup_scripts:AE2/Universal_Press.js in 0.003 s
[19:35:59] [INFO] Loaded script startup_scripts:custom_additions.js in 0.001 s
[19:35:59] [INFO] farmingForBlockheads.js#11: Loaded Java class 'net.blay09.mods.farmingforblockheads.api.FarmingForBlockheadsAPI'
[19:35:59] [INFO] Loaded script startup_scripts:farmingForBlockheads.js in 0.005 s
[19:35:59] [INFO] Loaded script startup_scripts:gtceu/alcr.js in 0.001 s
[19:35:59] [INFO] Loaded script startup_scripts:gtceu/apiary.js in 0.003 s
[19:35:59] [INFO] gtceu/greenhouse.js#4: Loaded Java class 'dev.latvian.mods.kubejs.util.Tags'
[19:35:59] [INFO] Loaded script startup_scripts:gtceu/greenhouse.js in 0.003 s
[19:35:59] [INFO] Loaded script startup_scripts:gtceu/gregstar_placeholders.js in 0.0 s
[19:35:59] [INFO] gtceu/material_modification.js#4: Loaded Java class 'com.gregtechceu.gtceu.api.data.chemical.material.properties.FluidProperty'
[19:35:59] [INFO] gtceu/material_modification.js#5: Loaded Java class 'com.gregtechceu.gtceu.api.data.chemical.material.properties.OreProperty'
[19:35:59] [INFO] gtceu/material_modification.js#6: Loaded Java class 'com.gregtechceu.gtceu.api.fluids.FluidBuilder'
[19:35:59] [INFO] gtceu/material_modification.js#7: Loaded Java class 'com.gregtechceu.gtceu.api.fluids.store.FluidStorageKeys'
[19:35:59] [INFO] Loaded script startup_scripts:gtceu/material_modification.js in 0.005 s
[19:35:59] [INFO] gtceu/mega_fusion_reactor.js#4: Loaded Java class 'com.gregtechceu.gtceu.common.machine.multiblock.electric.FusionReactorMachine'
[19:35:59] [INFO] Loaded script startup_scripts:gtceu/mega_fusion_reactor.js in 0.019 s
[19:35:59] [INFO] gtceu/micro_universe_orb.js#4: Loaded Java class 'com.gregtechceu.gtceu.common.machine.multiblock.part.EnergyHatchPartMachine'
[19:35:59] [INFO] gtceu/micro_universe_orb.js#5: Loaded Java class 'com.gregtechceu.gtceu.api.capability.recipe.IO'
[19:35:59] [INFO] Loaded script startup_scripts:gtceu/micro_universe_orb.js in 0.005 s
[19:35:59] [INFO] Loaded script startup_scripts:gtceu/miner.js in 0.001 s
[19:35:59] [INFO] Loaded script startup_scripts:gtceu/starforge.js in 0.001 s
[19:35:59] [INFO] mekanismStartup.js#18: Loaded Java class 'mekanism.api.chemical.slurry.Slurry'
[19:35:59] [INFO] mekanismStartup.js#19: Loaded Java class 'mekanism.api.chemical.slurry.SlurryBuilder'
[19:35:59] [INFO] mekanismStartup.js#20: Loaded Java class 'mekanism.api.chemical.gas.Gas'
[19:35:59] [INFO] mekanismStartup.js#21: Loaded Java class 'mekanism.api.chemical.gas.GasBuilder'
[19:35:59] [INFO] Loaded script startup_scripts:mekanismStartup.js in 0.002 s
[19:35:59] [INFO] Loaded script startup_scripts:mining_dim_layers.js in 0.001 s
[19:35:59] [INFO] mysticalagriculture.js#4: Loaded Java class 'com.blakebr0.mysticalagriculture.api.MysticalAgricultureAPI'
[19:35:59] [INFO] Loaded script startup_scripts:mysticalagriculture.js in 0.001 s
[19:35:59] [INFO] Loaded script startup_scripts:settings.js in 0.002 s
[19:35:59] [INFO] Loaded script startup_scripts:worldgen.js in 0.001 s
[19:35:59] [INFO] Loaded 18/18 KubeJS startup scripts in 0.772 s with 0 errors and 0 warnings
